Namespace(model_name='GCL4SR', data_name='ee', data_dir='./datasets/ee/', output_dir='output/', do_eval=True, no_cuda=False, gpu_id='3', lr=0.001, lr_dc=0.7, lr_dc_step=5, weight_decay=5e-05, adam_beta1=0.9, adam_beta2=0.999, num_hidden_layers=2, num_attention_heads=2, hidden_act='gelu', attention_probs_dropout_prob=0.5, hidden_dropout_prob=0.5, epochs=200, batch_size=1024, max_seq_length=50, hidden_size=64, seed=2022, log_freq=1, patience=10, gnn_dropout_prob=0.5, use_renorm=True, use_scale=False, fast_run=True, sample_depth=2, sample_width=20, lam1=1, lam2=0.1, cuda_condition=True, sample_size=[20, 20], data_file='./datasets/ee/ee.txt', x_domain_size=8368, eval_size=1000, item_size=19771, user_size=13714, log_file='output/GCL4SR-ee-[20, 20].txt')
Load model from output/GCL4SR-ee-[20, 20].pt for test!
(1024, 19771)
(1024, 19771)
(1024, 19771)
(1024, 19771)
(1024, 19771)
(1024, 19771)
(641, 19771)
0
100
200
300
400
500
600
700
800
900
1000
1100
1200
1300
1400
1500
1600
1700
1800
1900
2000
2100
2200
2300
2400
2500
2600
2700
2800
2900
3000
3100
3200
3300
3400
3500
3600
3700
3800
3900
4000
4100
4200
4300
4400
4500
4600
4700
4800
4900
5000
5100
5200
5300
5400
5500
5600
5700
5800
5900
6000
6100
6200
6300
6400
6500
6600
6700
{'Epoch': 0, 'X': {'MRR': 0.2953, 'NDCG5': 0.4425, 'NDCG10': 0.4763, 'HR1': 0.2016, 'HR5': 0.3993, 'HR10': 0.4717, 'NUM': 4533}, 'Y': {'MRR': 0.3258, 'NDCG5': 0.481, 'NDCG10': 0.5076, 'HR1': 0.242, 'HR5': 0.413, 'HR10': 0.4689, 'NUM': 2252}}
GCL4SR-ee-[20, 20]
{'Epoch': 0, 'X': {'MRR': 0.2953, 'NDCG5': 0.4425, 'NDCG10': 0.4763, 'HR1': 0.2016, 'HR5': 0.3993, 'HR10': 0.4717, 'NUM': 4533}, 'Y': {'MRR': 0.3258, 'NDCG5': 0.481, 'NDCG10': 0.5076, 'HR1': 0.242, 'HR5': 0.413, 'HR10': 0.4689, 'NUM': 2252}}
