Namespace(model_name='GCL4SR', data_name='fk', data_dir='./datasets/fk/', output_dir='output/', do_eval=False, no_cuda=False, gpu_id='3', lr=0.01, lr_dc=0.7, lr_dc_step=5, weight_decay=5e-05, adam_beta1=0.9, adam_beta2=0.999, num_hidden_layers=2, num_attention_heads=2, hidden_act='gelu', attention_probs_dropout_prob=0.5, hidden_dropout_prob=0.5, epochs=200, batch_size=1024, max_seq_length=15, hidden_size=64, seed=2022, log_freq=1, patience=10, gnn_dropout_prob=0.5, use_renorm=True, use_scale=False, fast_run=True, sample_size=[30, 30], lam1=1, lam2=0.1, cuda_condition=True, data_file='./datasets/fk/fk.txt', x_domain_size=29208, item_size=64090, user_size=16573, log_file='output/GCL4SR-fk-[30, 30].txt')
n_sample-[30, 30]-hidden_size-64
{'epoch': 0, 'joint_loss_avg': '24.7671', 'main_loss_avg': '10.2051', 'gcl_loss_avg': '14.3089', 'mmd_loss_avg': '2.5307'}
{'Epoch': 0, 'X': {'MRR': 0.001511031056485602, 'NDCG5': 0.002465899825535525, 'NDCG10': 0.003649723880780623, 'HR1': 0.0, 'HR5': 0.0036730945821854912, 'HR10': 0.006427915518824609, 'NUM': 1089}, 'Y': {'MRR': 0.0011771630370806356, 'NDCG5': 0.0019206436104429888, 'NDCG10': 0.0019206436104429888, 'HR1': 0.0005885815185403178, 'HR5': 0.0017657445556209534, 'HR10': 0.0017657445556209534, 'NUM': 1699}}
Validation score increased.  Saving model ...
n_sample-[30, 30]-hidden_size-64
{'epoch': 1, 'joint_loss_avg': '22.2181', 'main_loss_avg': '9.3720', 'gcl_loss_avg': '12.8372', 'mmd_loss_avg': '0.0895'}
{'Epoch': 1, 'X': {'MRR': 0.010881757498999438, 'NDCG5': 0.015961745234990478, 'NDCG10': 0.022052012441397043, 'HR1': 0.0018365472910927456, 'HR5': 0.020202020202020204, 'HR10': 0.03305785123966942, 'NUM': 1089}, 'Y': {'MRR': 0.003139101432215028, 'NDCG5': 0.00489264634329253, 'NDCG10': 0.00489264634329253, 'HR1': 0.002354326074161271, 'HR5': 0.004120070629782225, 'HR10': 0.004120070629782225, 'NUM': 1699}}
Validation score increased.  Saving model ...
n_sample-[30, 30]-hidden_size-64
{'epoch': 2, 'joint_loss_avg': '21.6464', 'main_loss_avg': '9.0404', 'gcl_loss_avg': '12.6037', 'mmd_loss_avg': '0.0228'}
{'Epoch': 2, 'X': {'MRR': 0.011479991541975012, 'NDCG5': 0.015831578861656037, 'NDCG10': 0.021586362780751208, 'HR1': 0.0036730945821854912, 'HR5': 0.018365472910927456, 'HR10': 0.030303030303030304, 'NUM': 1089}, 'Y': {'MRR': 0.003086280013884487, 'NDCG5': 0.004977130708395551, 'NDCG10': 0.004977130708395551, 'HR1': 0.002354326074161271, 'HR5': 0.004708652148322542, 'HR10': 0.004708652148322542, 'NUM': 1699}}
EarlyStopping counter: 1 out of 10
n_sample-[30, 30]-hidden_size-64
{'epoch': 3, 'joint_loss_avg': '20.9861', 'main_loss_avg': '8.7582', 'gcl_loss_avg': '12.2262', 'mmd_loss_avg': '0.0167'}
{'Epoch': 3, 'X': {'MRR': 0.011075357485028354, 'NDCG5': 0.015238182599942543, 'NDCG10': 0.020424174452252756, 'HR1': 0.0036730945821854912, 'HR5': 0.017447199265381085, 'HR10': 0.028466483011937556, 'NUM': 1089}, 'Y': {'MRR': 0.002830796827265338, 'NDCG5': 0.004239165237703022, 'NDCG10': 0.005057963103265014, 'HR1': 0.0017657445556209534, 'HR5': 0.004120070629782225, 'HR10': 0.005885815185403178, 'NUM': 1699}}
EarlyStopping counter: 2 out of 10
n_sample-[30, 30]-hidden_size-64
{'epoch': 4, 'joint_loss_avg': '20.4637', 'main_loss_avg': '8.4421', 'gcl_loss_avg': '12.0193', 'mmd_loss_avg': '0.0229'}
{'Epoch': 4, 'X': {'MRR': 0.01063817736966335, 'NDCG5': 0.014467538298321434, 'NDCG10': 0.02062112339455458, 'HR1': 0.0018365472910927456, 'HR5': 0.017447199265381085, 'HR10': 0.030303030303030304, 'NUM': 1089}, 'Y': {'MRR': 0.00458252753720676, 'NDCG5': 0.007015505438185061, 'NDCG10': 0.00788407226355041, 'HR1': 0.002942907592701589, 'HR5': 0.006474396703943496, 'HR10': 0.00824014125956445, 'NUM': 1699}}
Validation score increased.  Saving model ...
n_sample-[30, 30]-hidden_size-64
{'epoch': 5, 'joint_loss_avg': '19.9475', 'main_loss_avg': '7.9889', 'gcl_loss_avg': '11.9573', 'mmd_loss_avg': '0.0130'}
{'Epoch': 5, 'X': {'MRR': 0.011910430402165939, 'NDCG5': 0.017154726047276, 'NDCG10': 0.023538556352854477, 'HR1': 0.0027548209366391185, 'HR5': 0.020202020202020204, 'HR10': 0.03397612488521579, 'NUM': 1089}, 'Y': {'MRR': 0.0038134009734951476, 'NDCG5': 0.0065185023449850265, 'NDCG10': 0.007627513989805162, 'HR1': 0.0011771630370806356, 'HR5': 0.007651559741024131, 'HR10': 0.010005885815185403, 'NUM': 1699}}
Validation score increased.  Saving model ...
n_sample-[30, 30]-hidden_size-64
{'epoch': 6, 'joint_loss_avg': '19.5989', 'main_loss_avg': '7.7111', 'gcl_loss_avg': '11.8862', 'mmd_loss_avg': '0.0151'}
{'Epoch': 6, 'X': {'MRR': 0.01492865438336188, 'NDCG5': 0.02217928889742048, 'NDCG10': 0.03061960336802163, 'HR1': 0.005509641873278237, 'HR5': 0.025711662075298437, 'HR10': 0.0440771349862259, 'NUM': 1089}, 'Y': {'MRR': 0.004875183347814308, 'NDCG5': 0.007437030399670061, 'NDCG10': 0.009922928682431827, 'HR1': 0.002354326074161271, 'HR5': 0.00824014125956445, 'HR10': 0.01353737492642731, 'NUM': 1699}}
Validation score increased.  Saving model ...
n_sample-[30, 30]-hidden_size-64
{'epoch': 7, 'joint_loss_avg': '19.3342', 'main_loss_avg': '7.4996', 'gcl_loss_avg': '11.8333', 'mmd_loss_avg': '0.0128'}
{'Epoch': 7, 'X': {'MRR': 0.01360540031338929, 'NDCG5': 0.020440028099434543, 'NDCG10': 0.02816157661990968, 'HR1': 0.004591368227731864, 'HR5': 0.024793388429752067, 'HR10': 0.04132231404958678, 'NUM': 1089}, 'Y': {'MRR': 0.006330054093444324, 'NDCG5': 0.009072946021322291, 'NDCG10': 0.011893758283248299, 'HR1': 0.003531489111241907, 'HR5': 0.008828722778104767, 'HR10': 0.014714537963507945, 'NUM': 1699}}
EarlyStopping counter: 1 out of 10
n_sample-[30, 30]-hidden_size-64
{'epoch': 8, 'joint_loss_avg': '18.9979', 'main_loss_avg': '7.2124', 'gcl_loss_avg': '11.7837', 'mmd_loss_avg': '0.0185'}
{'Epoch': 8, 'X': {'MRR': 0.014331270318954644, 'NDCG5': 0.0204588335865107, 'NDCG10': 0.030281060992496105, 'HR1': 0.004591368227731864, 'HR5': 0.023875114784205693, 'HR10': 0.04499540863177227, 'NUM': 1089}, 'Y': {'MRR': 0.007038475225644146, 'NDCG5': 0.010668142315880601, 'NDCG10': 0.014076626685021892, 'HR1': 0.002942907592701589, 'HR5': 0.011771630370806356, 'HR10': 0.01883460859329017, 'NUM': 1699}}
Validation score increased.  Saving model ...
n_sample-[30, 30]-hidden_size-64
{'epoch': 9, 'joint_loss_avg': '18.7169', 'main_loss_avg': '6.9835', 'gcl_loss_avg': '11.7321', 'mmd_loss_avg': '0.0130'}
{'Epoch': 9, 'X': {'MRR': 0.017181989388681977, 'NDCG5': 0.025578346360437758, 'NDCG10': 0.03492424840336884, 'HR1': 0.006427915518824609, 'HR5': 0.030303030303030304, 'HR10': 0.050505050505050504, 'NUM': 1089}, 'Y': {'MRR': 0.007514245286464237, 'NDCG5': 0.010610811563323237, 'NDCG10': 0.013939864989065666, 'HR1': 0.003531489111241907, 'HR5': 0.010005885815185403, 'HR10': 0.017068864037669218, 'NUM': 1699}}
Validation score increased.  Saving model ...
n_sample-[30, 30]-hidden_size-64
{'epoch': 10, 'joint_loss_avg': '18.2878', 'main_loss_avg': '6.5913', 'gcl_loss_avg': '11.6950', 'mmd_loss_avg': '0.0149'}
{'Epoch': 10, 'X': {'MRR': 0.018395408779868342, 'NDCG5': 0.029112323742135172, 'NDCG10': 0.03709310827980721, 'HR1': 0.006427915518824609, 'HR5': 0.03489439853076217, 'HR10': 0.05234159779614325, 'NUM': 1089}, 'Y': {'MRR': 0.005427526498744862, 'NDCG5': 0.009320461350896826, 'NDCG10': 0.010962228734471776, 'HR1': 0.0017657445556209534, 'HR5': 0.011183048852266038, 'HR10': 0.014714537963507945, 'NUM': 1699}}
EarlyStopping counter: 1 out of 10
n_sample-[30, 30]-hidden_size-64
{'epoch': 11, 'joint_loss_avg': '17.9996', 'main_loss_avg': '6.3288', 'gcl_loss_avg': '11.6695', 'mmd_loss_avg': '0.0138'}
{'Epoch': 11, 'X': {'MRR': 0.016443859371517603, 'NDCG5': 0.026243852674099028, 'NDCG10': 0.03347765056753214, 'HR1': 0.0036730945821854912, 'HR5': 0.03213957759412305, 'HR10': 0.047750229568411386, 'NUM': 1089}, 'Y': {'MRR': 0.005925018020368227, 'NDCG5': 0.009774158069893622, 'NDCG10': 0.013579850833334798, 'HR1': 0.0017657445556209534, 'HR5': 0.012948793407886992, 'HR10': 0.02118893466745144, 'NUM': 1699}}
Validation score increased.  Saving model ...
n_sample-[30, 30]-hidden_size-64
{'epoch': 12, 'joint_loss_avg': '17.7972', 'main_loss_avg': '6.1408', 'gcl_loss_avg': '11.6547', 'mmd_loss_avg': '0.0168'}
{'Epoch': 12, 'X': {'MRR': 0.01670835413948361, 'NDCG5': 0.02736140463260391, 'NDCG10': 0.03623971072639233, 'HR1': 0.0036730945821854912, 'HR5': 0.03581267217630854, 'HR10': 0.05509641873278237, 'NUM': 1089}, 'Y': {'MRR': 0.006679487212153486, 'NDCG5': 0.010228470548527099, 'NDCG10': 0.01403715755945645, 'HR1': 0.002354326074161271, 'HR5': 0.011771630370806356, 'HR10': 0.020011771630370805, 'NUM': 1699}}
Validation score increased.  Saving model ...
n_sample-[30, 30]-hidden_size-64
{'epoch': 13, 'joint_loss_avg': '17.5633', 'main_loss_avg': '5.9255', 'gcl_loss_avg': '11.6361', 'mmd_loss_avg': '0.0162'}
{'Epoch': 13, 'X': {'MRR': 0.020327156853907617, 'NDCG5': 0.03092222434470082, 'NDCG10': 0.0402375779543052, 'HR1': 0.008264462809917356, 'HR5': 0.03581267217630854, 'HR10': 0.05601469237832874, 'NUM': 1089}, 'Y': {'MRR': 0.005958205354909298, 'NDCG5': 0.009335561299271824, 'NDCG10': 0.013140435604026567, 'HR1': 0.0011771630370806356, 'HR5': 0.011771630370806356, 'HR10': 0.020011771630370805, 'NUM': 1699}}
Validation score increased.  Saving model ...
n_sample-[30, 30]-hidden_size-64
{'epoch': 14, 'joint_loss_avg': '17.3505', 'main_loss_avg': '5.7315', 'gcl_loss_avg': '11.6174', 'mmd_loss_avg': '0.0161'}
{'Epoch': 14, 'X': {'MRR': 0.0197544164917021, 'NDCG5': 0.028404490201661747, 'NDCG10': 0.03948036794345729, 'HR1': 0.0073461891643709825, 'HR5': 0.031221303948576674, 'HR10': 0.05509641873278237, 'NUM': 1089}, 'Y': {'MRR': 0.0064725706573852525, 'NDCG5': 0.010476445688485821, 'NDCG10': 0.012423599737516425, 'HR1': 0.002942907592701589, 'HR5': 0.011771630370806356, 'HR10': 0.015891701000588582, 'NUM': 1699}}
EarlyStopping counter: 1 out of 10
n_sample-[30, 30]-hidden_size-64
{'epoch': 15, 'joint_loss_avg': '17.0185', 'main_loss_avg': '5.4114', 'gcl_loss_avg': '11.6052', 'mmd_loss_avg': '0.0188'}
{'Epoch': 15, 'X': {'MRR': 0.021502869548695097, 'NDCG5': 0.03370911556278366, 'NDCG10': 0.0442321752641689, 'HR1': 0.0073461891643709825, 'HR5': 0.03948576675849403, 'HR10': 0.06244260789715335, 'NUM': 1089}, 'Y': {'MRR': 0.005796111873216051, 'NDCG5': 0.008740945753355574, 'NDCG10': 0.012294015058632627, 'HR1': 0.0017657445556209534, 'HR5': 0.01059446733372572, 'HR10': 0.018246027074749854, 'NUM': 1699}}
Validation score increased.  Saving model ...
n_sample-[30, 30]-hidden_size-64
{'epoch': 16, 'joint_loss_avg': '16.7873', 'main_loss_avg': '5.1895', 'gcl_loss_avg': '11.5960', 'mmd_loss_avg': '0.0179'}
{'Epoch': 16, 'X': {'MRR': 0.018810501558435437, 'NDCG5': 0.028553668967548334, 'NDCG10': 0.03828965876128592, 'HR1': 0.006427915518824609, 'HR5': 0.03213957759412305, 'HR10': 0.05325987144168962, 'NUM': 1089}, 'Y': {'MRR': 0.0066731597484981815, 'NDCG5': 0.009088045969697289, 'NDCG10': 0.013046689601808952, 'HR1': 0.003531489111241907, 'HR5': 0.008828722778104767, 'HR10': 0.017657445556209534, 'NUM': 1699}}
EarlyStopping counter: 1 out of 10
n_sample-[30, 30]-hidden_size-64
{'epoch': 17, 'joint_loss_avg': '16.6071', 'main_loss_avg': '5.0177', 'gcl_loss_avg': '11.5880', 'mmd_loss_avg': '0.0130'}
{'Epoch': 17, 'X': {'MRR': 0.018193180658745395, 'NDCG5': 0.02664810106944369, 'NDCG10': 0.03922526692623346, 'HR1': 0.0036730945821854912, 'HR5': 0.03213957759412305, 'HR10': 0.05876951331496786, 'NUM': 1089}, 'Y': {'MRR': 0.006588923959436025, 'NDCG5': 0.009999561261916094, 'NDCG10': 0.012406107250038855, 'HR1': 0.003531489111241907, 'HR5': 0.01059446733372572, 'HR10': 0.015891701000588582, 'NUM': 1699}}
EarlyStopping counter: 2 out of 10
n_sample-[30, 30]-hidden_size-64
{'epoch': 18, 'joint_loss_avg': '16.4773', 'main_loss_avg': '4.8957', 'gcl_loss_avg': '11.5801', 'mmd_loss_avg': '0.0145'}
{'Epoch': 18, 'X': {'MRR': 0.022092276530374082, 'NDCG5': 0.03257347459454372, 'NDCG10': 0.04235617874604925, 'HR1': 0.011019283746556474, 'HR5': 0.03489439853076217, 'HR10': 0.05601469237832874, 'NUM': 1089}, 'Y': {'MRR': 0.006120865597028045, 'NDCG5': 0.008233861430035851, 'NDCG10': 0.011500888608505726, 'HR1': 0.003531489111241907, 'HR5': 0.00824014125956445, 'HR10': 0.015303119482048263, 'NUM': 1699}}
EarlyStopping counter: 3 out of 10
n_sample-[30, 30]-hidden_size-64
{'epoch': 19, 'joint_loss_avg': '16.3046', 'main_loss_avg': '4.7319', 'gcl_loss_avg': '11.5715', 'mmd_loss_avg': '0.0132'}
{'Epoch': 19, 'X': {'MRR': 0.023522200979791238, 'NDCG5': 0.033954886795856974, 'NDCG10': 0.04346399062802335, 'HR1': 0.011937557392102846, 'HR5': 0.03397612488521579, 'HR10': 0.05417814508723599, 'NUM': 1089}, 'Y': {'MRR': 0.00586666292964115, 'NDCG5': 0.008307826938084111, 'NDCG10': 0.011707181765220542, 'HR1': 0.003531489111241907, 'HR5': 0.00824014125956445, 'HR10': 0.015891701000588582, 'NUM': 1699}}
EarlyStopping counter: 4 out of 10
n_sample-[30, 30]-hidden_size-64
{'epoch': 20, 'joint_loss_avg': '16.0391', 'main_loss_avg': '4.4748', 'gcl_loss_avg': '11.5630', 'mmd_loss_avg': '0.0130'}
{'Epoch': 20, 'X': {'MRR': 0.0252519781364377, 'NDCG5': 0.038611169681404975, 'NDCG10': 0.04779010727403263, 'HR1': 0.012855831037649219, 'HR5': 0.04040404040404041, 'HR10': 0.06060606060606061, 'NUM': 1089}, 'Y': {'MRR': 0.006094235206948567, 'NDCG5': 0.009335561299271824, 'NDCG10': 0.011546418688972954, 'HR1': 0.002942907592701589, 'HR5': 0.010005885815185403, 'HR10': 0.014714537963507945, 'NUM': 1699}}
EarlyStopping counter: 5 out of 10
n_sample-[30, 30]-hidden_size-64
{'epoch': 21, 'joint_loss_avg': '15.8483', 'main_loss_avg': '4.2901', 'gcl_loss_avg': '11.5567', 'mmd_loss_avg': '0.0145'}
{'Epoch': 21, 'X': {'MRR': 0.022098204101248898, 'NDCG5': 0.032024083606901746, 'NDCG10': 0.041956972766165654, 'HR1': 0.011937557392102846, 'HR5': 0.03305785123966942, 'HR10': 0.05417814508723599, 'NUM': 1089}, 'Y': {'MRR': 0.005769967394452385, 'NDCG5': 0.007729846147658753, 'NDCG10': 0.011414133847420047, 'HR1': 0.002354326074161271, 'HR5': 0.007651559741024131, 'HR10': 0.015303119482048263, 'NUM': 1699}}
EarlyStopping counter: 6 out of 10
n_sample-[30, 30]-hidden_size-64
{'epoch': 22, 'joint_loss_avg': '15.7177', 'main_loss_avg': '4.1643', 'gcl_loss_avg': '11.5517', 'mmd_loss_avg': '0.0168'}
{'Epoch': 22, 'X': {'MRR': 0.02225676068651276, 'NDCG5': 0.032612727217684864, 'NDCG10': 0.04134867074103993, 'HR1': 0.011937557392102846, 'HR5': 0.03305785123966942, 'HR10': 0.051423324150596875, 'NUM': 1089}, 'Y': {'MRR': 0.006630247654379498, 'NDCG5': 0.009537776783721365, 'NDCG10': 0.013375991108359306, 'HR1': 0.002942907592701589, 'HR5': 0.01059446733372572, 'HR10': 0.01883460859329017, 'NUM': 1699}}
EarlyStopping counter: 7 out of 10
n_sample-[30, 30]-hidden_size-64
{'epoch': 23, 'joint_loss_avg': '15.6094', 'main_loss_avg': '4.0630', 'gcl_loss_avg': '11.5449', 'mmd_loss_avg': '0.0155'}
{'Epoch': 23, 'X': {'MRR': 0.0249883266412192, 'NDCG5': 0.03744102963536957, 'NDCG10': 0.04753290280155939, 'HR1': 0.012855831037649219, 'HR5': 0.03948576675849403, 'HR10': 0.06152433425160698, 'NUM': 1089}, 'Y': {'MRR': 0.005687935764451362, 'NDCG5': 0.008127724164475793, 'NDCG10': 0.010846822717993344, 'HR1': 0.002942907592701589, 'HR5': 0.00824014125956445, 'HR10': 0.014125956444967627, 'NUM': 1699}}
EarlyStopping counter: 8 out of 10
n_sample-[30, 30]-hidden_size-64
{'epoch': 24, 'joint_loss_avg': '15.4819', 'main_loss_avg': '3.9382', 'gcl_loss_avg': '11.5421', 'mmd_loss_avg': '0.0158'}
{'Epoch': 24, 'X': {'MRR': 0.02519508728186414, 'NDCG5': 0.03684763337365607, 'NDCG10': 0.046299490401426224, 'HR1': 0.014692378328741965, 'HR5': 0.03673094582185491, 'HR10': 0.05693296602387511, 'NUM': 1089}, 'Y': {'MRR': 0.006706559414034398, 'NDCG5': 0.010391961323382803, 'NDCG10': 0.013336331810157628, 'HR1': 0.002942907592701589, 'HR5': 0.011183048852266038, 'HR10': 0.017657445556209534, 'NUM': 1699}}
EarlyStopping counter: 9 out of 10
n_sample-[30, 30]-hidden_size-64
{'epoch': 25, 'joint_loss_avg': '15.2802', 'main_loss_avg': '3.7424', 'gcl_loss_avg': '11.5365', 'mmd_loss_avg': '0.0139'}
{'Epoch': 25, 'X': {'MRR': 0.026512475892641184, 'NDCG5': 0.03741507786717789, 'NDCG10': 0.046182076625922865, 'HR1': 0.017447199265381085, 'HR5': 0.03489439853076217, 'HR10': 0.05325987144168962, 'NUM': 1089}, 'Y': {'MRR': 0.006195506475082696, 'NDCG5': 0.009030692460401642, 'NDCG10': 0.010741730639948146, 'HR1': 0.004120070629782225, 'HR5': 0.008828722778104767, 'HR10': 0.012360211889346674, 'NUM': 1699}}
EarlyStopping counter: 10 out of 10
Early stopping
---------------Change to test_rating_matrix!-------------------
{'Epoch': 0, 'X': {'MRR': 0.028054415900518426, 'NDCG5': 0.04314588329921219, 'NDCG10': 0.0491969287146638, 'HR1': 0.017013232514177693, 'HR5': 0.04158790170132325, 'HR10': 0.054820415879017016, 'NUM': 1058}, 'Y': {'MRR': 0.00689506881856312, 'NDCG5': 0.01126663305316021, 'NDCG10': 0.013508428405144005, 'HR1': 0.0032555615843733042, 'HR5': 0.013022246337493217, 'HR10': 0.017905588714053174, 'NUM': 1843}}
GCL4SR-fk-[30, 30]
{'Epoch': 0, 'X': {'MRR': 0.028054415900518426, 'NDCG5': 0.04314588329921219, 'NDCG10': 0.0491969287146638, 'HR1': 0.017013232514177693, 'HR5': 0.04158790170132325, 'HR10': 0.054820415879017016, 'NUM': 1058}, 'Y': {'MRR': 0.00689506881856312, 'NDCG5': 0.01126663305316021, 'NDCG10': 0.013508428405144005, 'HR1': 0.0032555615843733042, 'HR5': 0.013022246337493217, 'HR10': 0.017905588714053174, 'NUM': 1843}}
