Namespace(model_name='GCL4SR', data_name='mb', data_dir='./datasets/mb/', output_dir='output/', do_eval=True, no_cuda=False, gpu_id='3', lr=0.001, lr_dc=0.7, lr_dc_step=5, weight_decay=5e-05, adam_beta1=0.9, adam_beta2=0.999, num_hidden_layers=2, num_attention_heads=2, hidden_act='gelu', attention_probs_dropout_prob=0.5, hidden_dropout_prob=0.5, epochs=200, batch_size=256, max_seq_length=15, hidden_size=64, seed=2022, log_freq=1, patience=10, gnn_dropout_prob=0.5, use_renorm=True, use_scale=False, fast_run=True, sample_depth=2, sample_width=20, lam1=1, lam2=0.1, cuda_condition=True, sample_size=[20, 20], data_file='./datasets/mb/mb.txt', x_domain_size=36846, eval_size=1000, item_size=100779, user_size=15351, log_file='output/GCL4SR-mb-[20, 20].txt')
Load model from output/GCL4SR-mb-[20, 20].pt for test!
(256, 100779)
(256, 100779)
(256, 100779)
(256, 100779)
(256, 100779)
(256, 100779)
(256, 100779)
(256, 100779)
(256, 100779)
(77, 100779)
0
100
200
300
400
500
600
700
800
900
1000
1100
1200
1300
1400
1500
1600
1700
1800
1900
2000
2100
2200
2300
{'Epoch': 0, 'X': {'MRR': 0.0367, 'NDCG5': 0.0444, 'NDCG10': 0.0557, 'HR1': 0.0152, 'HR5': 0.0467, 'HR10': 0.0707, 'NUM': 920}, 'Y': {'MRR': 0.0409, 'NDCG5': 0.0527, 'NDCG10': 0.0626, 'HR1': 0.0212, 'HR5': 0.052, 'HR10': 0.0739, 'NUM': 1461}}
GCL4SR-mb-[20, 20]
{'Epoch': 0, 'X': {'MRR': 0.0367, 'NDCG5': 0.0444, 'NDCG10': 0.0557, 'HR1': 0.0152, 'HR5': 0.0467, 'HR10': 0.0707, 'NUM': 920}, 'Y': {'MRR': 0.0409, 'NDCG5': 0.0527, 'NDCG10': 0.0626, 'HR1': 0.0212, 'HR5': 0.052, 'HR10': 0.0739, 'NUM': 1461}}
